<?xml version="1.0" encoding="UTF-8"?>
<!-- Generated by org.testng.reporters.JUnitXMLReporter -->
<testsuite ignored="4" hostname="DESKTOP-FN82SNA" failures="0" tests="1" name="Default test" time="29.827" errors="0" timestamp="2024-04-24T17:09:19 IST">
  <testcase classname="playwright.PlaywrightAlert" name="Simplealert" time="29.786"/>
  <testcase classname="playwright.PlaywrightAlert" name="handlingAlertsInAnotherWay" time="0.0">
    <ignored/>
  </testcase> <!-- handlingAlertsInAnotherWay -->
  <testcase classname="playwright.PlaywrightAlert" name="PromptAlert" time="0.0">
    <ignored/>
  </testcase> <!-- PromptAlert -->
  <testcase classname="playwright.PlaywrightAlert" name="Handle2AlertsAtaTime" time="0.0">
    <ignored/>
  </testcase> <!-- Handle2AlertsAtaTime -->
  <testcase classname="playwright.PlaywrightAlert" name="confirmAlert" time="0.0">
    <ignored/>
  </testcase> <!-- confirmAlert -->
</testsuite> <!-- Default test -->
