<?xml version="1.0" encoding="UTF-8"?>
<testng-results ignored="0" total="1" passed="1" failed="0" skipped="0">
  <reporter-output>
  </reporter-output>
  <suite started-at="2024-04-24T17:08:49 IST" name="Default suite" finished-at="2024-04-24T17:09:19 IST" duration-ms="29827">
    <groups>
    </groups>
    <test started-at="2024-04-24T17:08:49 IST" name="Default test" finished-at="2024-04-24T17:09:19 IST" duration-ms="29827">
      <class name="playwright.PlaywrightAlert">
        <test-method signature="Simplealert()[pri:0, instance:playwright.PlaywrightAlert@21e360a]" started-at="2024-04-24T17:08:49 IST" name="Simplealert" finished-at="2024-04-24T17:09:19 IST" duration-ms="29786" status="PASS">
          <reporter-output>
          </reporter-output>
        </test-method> <!-- Simplealert -->
      </class> <!-- playwright.PlaywrightAlert -->
    </test> <!-- Default test -->
  </suite> <!-- Default suite -->
</testng-results>
